<?xml version='1.0'?>
<ns2:test-suite xmlns:ns2='urn:model.allure.qatools.yandex.ru' start='1687253252044' stop='1687253254699'>
    <name>Psychic Search and Validation:</name>
    <title>Psychic Search and Validation:</title>
    <test-cases>
        <test-case start='1687253254487' status='failed' stop='1687253254607'>
            <name>Partial text search displays matching psychics</name>
            <title>Partial text search displays matching psychics</title>
            <labels>
                <label name='language' value='javascript'/>
                <label name='framework' value='codeceptjs'/>
            </labels>
            <parameters/>
            <steps>
                <step start='1687253254601' status='failed' stop='1687253254604'>
                    <name>I am on page "/"</name>
                    <title>I am on page "/"</title>
                    <attachments/>
                    <steps/>
                </step>
            </steps>
            <attachments/>
            <failure>
                <message>Cannot read properties of undefined (reading 'goto')</message>
                <stack-trace>TypeError: Cannot read properties of undefined (reading 'goto')
                    at Playwright.amOnPage (C:\Users\mohamed.mustafa\IdeaProjects\Byborg\node_modules\codeceptjs\lib\helper\Playwright.js:834:21)
                    at Step.run (C:\Users\mohamed.mustafa\IdeaProjects\Byborg\node_modules\codeceptjs\lib\step.js:122:47)
                    at C:\Users\mohamed.mustafa\IdeaProjects\Byborg\node_modules\codeceptjs\lib\actor.js:135:23</stack-trace>
            </failure>
        </test-case>
        <test-case start='1687253254619' status='failed' stop='1687253254686'>
            <name>Full text search shows a specific psychic profile</name>
            <title>Full text search shows a specific psychic profile</title>
            <labels>
                <label name='language' value='javascript'/>
                <label name='framework' value='codeceptjs'/>
            </labels>
            <parameters/>
            <steps>
                <step start='1687253254685' status='failed' stop='1687253254686'>
                    <name>I am on page "https://example.com/search"</name>
                    <title>I am on page "https://example.com/search"</title>
                    <attachments/>
                    <steps/>
                </step>
            </steps>
            <attachments/>
            <failure>
                <message>Cannot read properties of undefined (reading 'goto')</message>
                <stack-trace>TypeError: Cannot read properties of undefined (reading 'goto')
                    at Playwright.amOnPage (C:\Users\mohamed.mustafa\IdeaProjects\Byborg\node_modules\codeceptjs\lib\helper\Playwright.js:834:21)
                    at Step.run (C:\Users\mohamed.mustafa\IdeaProjects\Byborg\node_modules\codeceptjs\lib\step.js:122:47)
                    at C:\Users\mohamed.mustafa\IdeaProjects\Byborg\node_modules\codeceptjs\lib\actor.js:135:23</stack-trace>
            </failure>
        </test-case>
        <test-case start='1687253254689' status='failed' stop='1687253254697'>
            <name>Validate "Sign up" overlay on live stream page</name>
            <title>Validate "Sign up" overlay on live stream page</title>
            <labels>
                <label name='language' value='javascript'/>
                <label name='framework' value='codeceptjs'/>
            </labels>
            <parameters/>
            <steps>
                <step start='1687253254696' status='failed' stop='1687253254696'>
                    <name>I am on page "https://oranum.com/en/chat/LovePsychyicAnie"</name>
                    <title>I am on page "https://oranum.com/en/chat/LovePsychyicAnie"</title>
                    <attachments/>
                    <steps/>
                </step>
            </steps>
            <attachments/>
            <failure>
                <message>Cannot read properties of undefined (reading 'goto')</message>
                <stack-trace>TypeError: Cannot read properties of undefined (reading 'goto')
                    at Playwright.amOnPage (C:\Users\mohamed.mustafa\IdeaProjects\Byborg\node_modules\codeceptjs\lib\helper\Playwright.js:834:21)
                    at Step.run (C:\Users\mohamed.mustafa\IdeaProjects\Byborg\node_modules\codeceptjs\lib\step.js:122:47)
                    at C:\Users\mohamed.mustafa\IdeaProjects\Byborg\node_modules\codeceptjs\lib\actor.js:135:23</stack-trace>
            </failure>
        </test-case>
    </test-cases>
</ns2:test-suite>