<?xml version='1.0'?>
<ns2:test-suite xmlns:ns2='urn:model.allure.qatools.yandex.ru' start='1687253268477' stop='1687253360325'>
    <name>Psychic Search and Validation:</name>
    <title>Psychic Search and Validation:</title>
    <test-cases>
        <test-case start='1687253269881' status='failed' stop='1687253309186'>
            <name>Partial text search displays matching psychics</name>
            <title>Partial text search displays matching psychics</title>
            <labels>
                <label name='language' value='javascript'/>
                <label name='framework' value='codeceptjs'/>
            </labels>
            <parameters/>
            <steps>
                <step start='1687253270487' status='passed' stop='1687253279803'>
                    <name>I am on page "/"</name>
                    <title>I am on page "/"</title>
                    <attachments/>
                    <steps/>
                </step>
                <step start='1687253279803' status='failed' stop='1687253309185'>
                    <name>I fill field "searchInput", "Matt"</name>
                    <title>I fill field "searchInput", "Matt"</title>
                    <attachments/>
                    <steps/>
                </step>
            </steps>
            <attachments>
                <attachment title='Last Seen Screenshot' source='9659b08d-816b-47a6-8e95-cfb71c0543a3-attachment.png' type='image/png' size='877076'/>
            </attachments>
            <failure>
                <message>Field "searchInput" was not found by text|CSS|XPath</message>
                <stack-trace>Error: Field "searchInput" was not found by text|CSS|XPath
                    at new ElementNotFound (C:\Users\mohamed.mustafa\IdeaProjects\Byborg\node_modules\codeceptjs\lib\helper\errors\ElementNotFound.js:14:11)
                    at assertElementExists (C:\Users\mohamed.mustafa\IdeaProjects\Byborg\node_modules\codeceptjs\lib\helper\Playwright.js:2812:11)
                    at Playwright.fillField (C:\Users\mohamed.mustafa\IdeaProjects\Byborg\node_modules\codeceptjs\lib\helper\Playwright.js:1456:5)
                    at async Test.&lt;anonymous> (C:\Users\mohamed.mustafa\IdeaProjects\Byborg\oranumTest.js:27:25)</stack-trace>
            </failure>
        </test-case>
        <test-case start='1687253309746' status='failed' stop='1687253349977'>
            <name>Full text search shows a specific psychic profile</name>
            <title>Full text search shows a specific psychic profile</title>
            <labels>
                <label name='language' value='javascript'/>
                <label name='framework' value='codeceptjs'/>
            </labels>
            <parameters/>
            <steps>
                <step start='1687253310097' status='passed' stop='1687253317098'>
                    <name>I am on page "/"</name>
                    <title>I am on page "/"</title>
                    <attachments/>
                    <steps/>
                </step>
                <step start='1687253317099' status='failed' stop='1687253349977'>
                    <name>I fill field "search", "MattWarren"</name>
                    <title>I fill field "search", "MattWarren"</title>
                    <attachments/>
                    <steps/>
                </step>
            </steps>
            <attachments>
                <attachment title='Last Seen Screenshot' source='554329cd-09a9-4b77-ae5b-7e02716ac229-attachment.png' type='image/png' size='852602'/>
            </attachments>
            <failure>
                <message>Field "search" was not found by text|CSS|XPath</message>
                <stack-trace>Error: Field "search" was not found by text|CSS|XPath
                    at new ElementNotFound (C:\Users\mohamed.mustafa\IdeaProjects\Byborg\node_modules\codeceptjs\lib\helper\errors\ElementNotFound.js:14:11)
                    at assertElementExists (C:\Users\mohamed.mustafa\IdeaProjects\Byborg\node_modules\codeceptjs\lib\helper\Playwright.js:2812:11)
                    at Playwright.fillField (C:\Users\mohamed.mustafa\IdeaProjects\Byborg\node_modules\codeceptjs\lib\helper\Playwright.js:1456:5)
                    at async Test.&lt;anonymous> (C:\Users\mohamed.mustafa\IdeaProjects\Byborg\oranumTest.js:47:29)</stack-trace>
            </failure>
        </test-case>
        <test-case start='1687253350617' status='failed' stop='1687253358439'>
            <name>Validate "Sign up" overlay on live stream page</name>
            <title>Validate "Sign up" overlay on live stream page</title>
            <labels>
                <label name='language' value='javascript'/>
                <label name='framework' value='codeceptjs'/>
            </labels>
            <parameters/>
            <steps>
                <step start='1687253350941' status='passed' stop='1687253355343'>
                    <name>I am on page "https://oranum.com/en/chat/LovePsychyicAnie"</name>
                    <title>I am on page "https://oranum.com/en/chat/LovePsychyicAnie"</title>
                    <attachments/>
                    <steps/>
                </step>
                <step start='1687253355344' status='passed' stop='1687253357424'>
                    <name>I click "Get Credits"</name>
                    <title>I click "Get Credits"</title>
                    <attachments/>
                    <steps/>
                </step>
                <step start='1687253357424' status='failed' stop='1687253358438'>
                    <name>I wait for element ".signupOverlay"</name>
                    <title>I wait for element ".signupOverlay"</title>
                    <attachments/>
                    <steps/>
                </step>
            </steps>
            <attachments>
                <attachment title='Last Seen Screenshot' source='c103e77a-ff8d-4b1b-b111-2d6025bbf015-attachment.png' type='image/png' size='134135'/>
            </attachments>
            <failure>
                <message>element (.signupOverlay) still not present on page after 1 sec
                page.waitForSelector: Timeout 1000ms exceeded.
                =========================== logs ===========================
                waiting for locator('.signupOverlay')
                ============================================================</message>
                <stack-trace>Error: element (.signupOverlay) still not present on page after 1 sec
                page.waitForSelector: Timeout 1000ms exceeded.
                =========================== logs ===========================
                waiting for locator('.signupOverlay')
                ============================================================
                    at C:\Users\mohamed.mustafa\IdeaProjects\Byborg\node_modules\codeceptjs\lib\helper\Playwright.js:2230:13
                    at async Test.&lt;anonymous> (C:\Users\mohamed.mustafa\IdeaProjects\Byborg\oranumTest.js:64:33)</stack-trace>
            </failure>
        </test-case>
    </test-cases>
</ns2:test-suite>