<?xml version='1.0'?>
<ns2:test-suite xmlns:ns2='urn:model.allure.qatools.yandex.ru' start='1687253002817' stop='1687253062669'>
    <name>Psychic Search and Validation:</name>
    <title>Psychic Search and Validation:</title>
    <test-cases>
        <test-case start='1687253004392' status='failed' stop='1687253046252'>
            <name>Partial text search displays matching psychics</name>
            <title>Partial text search displays matching psychics</title>
            <labels>
                <label name='language' value='javascript'/>
                <label name='framework' value='codeceptjs'/>
            </labels>
            <parameters/>
            <steps>
                <step start='1687253005519' status='passed' stop='1687253015509'>
                    <name>I am on page "/"</name>
                    <title>I am on page "/"</title>
                    <attachments/>
                    <steps/>
                </step>
                <step start='1687253015510' status='failed' stop='1687253046251'>
                    <name>I fill field "searchInput", "Matt"</name>
                    <title>I fill field "searchInput", "Matt"</title>
                    <attachments/>
                    <steps/>
                </step>
            </steps>
            <attachments>
                <attachment title='Last Seen Screenshot' source='5ce1cd5b-1f1a-4413-b210-5cc397915336-attachment.png' type='image/png' size='855613'/>
            </attachments>
            <failure>
                <message>Field "searchInput" was not found by text|CSS|XPath</message>
                <stack-trace>Error: Field "searchInput" was not found by text|CSS|XPath
                    at new ElementNotFound (C:\Users\mohamed.mustafa\IdeaProjects\Byborg\node_modules\codeceptjs\lib\helper\errors\ElementNotFound.js:14:11)
                    at assertElementExists (C:\Users\mohamed.mustafa\IdeaProjects\Byborg\node_modules\codeceptjs\lib\helper\Playwright.js:2812:11)
                    at Playwright.fillField (C:\Users\mohamed.mustafa\IdeaProjects\Byborg\node_modules\codeceptjs\lib\helper\Playwright.js:1456:5)
                    at async Test.&lt;anonymous> (C:\Users\mohamed.mustafa\IdeaProjects\Byborg\oranumTest.js:27:25)</stack-trace>
            </failure>
        </test-case>
        <test-case start='1687253046805' status='failed' stop='1687253052279'>
            <name>Full text search shows a specific psychic profile</name>
            <title>Full text search shows a specific psychic profile</title>
            <labels>
                <label name='language' value='javascript'/>
                <label name='framework' value='codeceptjs'/>
            </labels>
            <parameters/>
            <steps>
                <step start='1687253047096' status='passed' stop='1687253047507'>
                    <name>I am on page "https://example.com/search"</name>
                    <title>I am on page "https://example.com/search"</title>
                    <attachments/>
                    <steps/>
                </step>
                <step start='1687253047507' status='failed' stop='1687253052279'>
                    <name>I fill field "searchInput", "MattWarren"</name>
                    <title>I fill field "searchInput", "MattWarren"</title>
                    <attachments/>
                    <steps/>
                </step>
            </steps>
            <attachments>
                <attachment title='Last Seen Screenshot' source='cc2d6f45-d70c-42dd-90c7-4baad33c0971-attachment.png' type='image/png' size='17601'/>
            </attachments>
            <failure>
                <message>Field "searchInput" was not found by text|CSS|XPath</message>
                <stack-trace>Error: Field "searchInput" was not found by text|CSS|XPath
                    at new ElementNotFound (C:\Users\mohamed.mustafa\IdeaProjects\Byborg\node_modules\codeceptjs\lib\helper\errors\ElementNotFound.js:14:11)
                    at assertElementExists (C:\Users\mohamed.mustafa\IdeaProjects\Byborg\node_modules\codeceptjs\lib\helper\Playwright.js:2812:11)
                    at Playwright.fillField (C:\Users\mohamed.mustafa\IdeaProjects\Byborg\node_modules\codeceptjs\lib\helper\Playwright.js:1456:5)
                    at async Test.&lt;anonymous> (C:\Users\mohamed.mustafa\IdeaProjects\Byborg\oranumTest.js:47:29)</stack-trace>
            </failure>
        </test-case>
        <test-case start='1687253052402' status='failed' stop='1687253062292'>
            <name>Validate "Sign up" overlay on live stream page</name>
            <title>Validate "Sign up" overlay on live stream page</title>
            <labels>
                <label name='language' value='javascript'/>
                <label name='framework' value='codeceptjs'/>
            </labels>
            <parameters/>
            <steps>
                <step start='1687253052609' status='passed' stop='1687253059661'>
                    <name>I am on page "https://oranum.com/en/chat/LovePsychyicAnie"</name>
                    <title>I am on page "https://oranum.com/en/chat/LovePsychyicAnie"</title>
                    <attachments/>
                    <steps/>
                </step>
                <step start='1687253059662' status='passed' stop='1687253061276'>
                    <name>I click "Get Credits"</name>
                    <title>I click "Get Credits"</title>
                    <attachments/>
                    <steps/>
                </step>
                <step start='1687253061277' status='failed' stop='1687253062292'>
                    <name>I wait for element ".signupOverlay"</name>
                    <title>I wait for element ".signupOverlay"</title>
                    <attachments/>
                    <steps/>
                </step>
            </steps>
            <attachments>
                <attachment title='Last Seen Screenshot' source='eef4815d-66ff-4e2d-90f0-ba6643399fee-attachment.png' type='image/png' size='125620'/>
            </attachments>
            <failure>
                <message>element (.signupOverlay) still not present on page after 1 sec
                page.waitForSelector: Timeout 1000ms exceeded.
                =========================== logs ===========================
                waiting for locator('.signupOverlay')
                ============================================================</message>
                <stack-trace>Error: element (.signupOverlay) still not present on page after 1 sec
                page.waitForSelector: Timeout 1000ms exceeded.
                =========================== logs ===========================
                waiting for locator('.signupOverlay')
                ============================================================
                    at C:\Users\mohamed.mustafa\IdeaProjects\Byborg\node_modules\codeceptjs\lib\helper\Playwright.js:2230:13
                    at async Test.&lt;anonymous> (C:\Users\mohamed.mustafa\IdeaProjects\Byborg\oranumTest.js:64:33)</stack-trace>
            </failure>
        </test-case>
    </test-cases>
</ns2:test-suite>