<?xml version='1.0'?>
<ns2:test-suite xmlns:ns2='urn:model.allure.qatools.yandex.ru' start='1687253656808' stop='1687253738802'>
    <name>Psychic Search and Validation:</name>
    <title>Psychic Search and Validation:</title>
    <test-cases>
        <test-case start='1687253657958' status='failed' stop='1687253695276'>
            <name>Partial text search displays matching psychics</name>
            <title>Partial text search displays matching psychics</title>
            <labels>
                <label name='language' value='javascript'/>
                <label name='framework' value='codeceptjs'/>
            </labels>
            <parameters/>
            <steps>
                <step start='1687253658603' status='passed' stop='1687253666727'>
                    <name>I am on page "/"</name>
                    <title>I am on page "/"</title>
                    <attachments/>
                    <steps/>
                </step>
                <step start='1687253666728' status='failed' stop='1687253695276'>
                    <name>I fill field "search", "Matt"</name>
                    <title>I fill field "search", "Matt"</title>
                    <attachments/>
                    <steps/>
                </step>
            </steps>
            <attachments>
                <attachment title='Last Seen Screenshot' source='340f4e39-ce01-4718-ba6c-fcbbf418bd57-attachment.png' type='image/png' size='850929'/>
            </attachments>
            <failure>
                <message>Field "search" was not found by text|CSS|XPath</message>
                <stack-trace>Error: Field "search" was not found by text|CSS|XPath
                    at new ElementNotFound (C:\Users\mohamed.mustafa\IdeaProjects\Byborg\node_modules\codeceptjs\lib\helper\errors\ElementNotFound.js:14:11)
                    at assertElementExists (C:\Users\mohamed.mustafa\IdeaProjects\Byborg\node_modules\codeceptjs\lib\helper\Playwright.js:2812:11)
                    at Playwright.fillField (C:\Users\mohamed.mustafa\IdeaProjects\Byborg\node_modules\codeceptjs\lib\helper\Playwright.js:1456:5)
                    at async Test.&lt;anonymous> (C:\Users\mohamed.mustafa\IdeaProjects\Byborg\oranumTest.js:21:9)</stack-trace>
            </failure>
        </test-case>
        <test-case start='1687253695879' status='failed' stop='1687253731004'>
            <name>Full text search shows a specific psychic profile</name>
            <title>Full text search shows a specific psychic profile</title>
            <labels>
                <label name='language' value='javascript'/>
                <label name='framework' value='codeceptjs'/>
            </labels>
            <parameters/>
            <steps>
                <step start='1687253696168' status='passed' stop='1687253702438'>
                    <name>I am on page "/"</name>
                    <title>I am on page "/"</title>
                    <attachments/>
                    <steps/>
                </step>
                <step start='1687253702439' status='failed' stop='1687253731004'>
                    <name>I fill field "search", "MattWarren"</name>
                    <title>I fill field "search", "MattWarren"</title>
                    <attachments/>
                    <steps/>
                </step>
            </steps>
            <attachments>
                <attachment title='Last Seen Screenshot' source='97063735-c826-4781-b424-35749d4eb053-attachment.png' type='image/png' size='877711'/>
            </attachments>
            <failure>
                <message>Field "search" was not found by text|CSS|XPath</message>
                <stack-trace>Error: Field "search" was not found by text|CSS|XPath
                    at new ElementNotFound (C:\Users\mohamed.mustafa\IdeaProjects\Byborg\node_modules\codeceptjs\lib\helper\errors\ElementNotFound.js:14:11)
                    at assertElementExists (C:\Users\mohamed.mustafa\IdeaProjects\Byborg\node_modules\codeceptjs\lib\helper\Playwright.js:2812:11)
                    at Playwright.fillField (C:\Users\mohamed.mustafa\IdeaProjects\Byborg\node_modules\codeceptjs\lib\helper\Playwright.js:1456:5)
                    at async Test.&lt;anonymous> (C:\Users\mohamed.mustafa\IdeaProjects\Byborg\oranumTest.js:47:29)</stack-trace>
            </failure>
        </test-case>
        <test-case start='1687253731574' status='failed' stop='1687253738076'>
            <name>Validate "Sign up" overlay on live stream page</name>
            <title>Validate "Sign up" overlay on live stream page</title>
            <labels>
                <label name='language' value='javascript'/>
                <label name='framework' value='codeceptjs'/>
            </labels>
            <parameters/>
            <steps>
                <step start='1687253731906' status='passed' stop='1687253735943'>
                    <name>I am on page "https://oranum.com/en/chat/LovePsychyicAnie"</name>
                    <title>I am on page "https://oranum.com/en/chat/LovePsychyicAnie"</title>
                    <attachments/>
                    <steps/>
                </step>
                <step start='1687253735944' status='passed' stop='1687253737064'>
                    <name>I click "Get Credits"</name>
                    <title>I click "Get Credits"</title>
                    <attachments/>
                    <steps/>
                </step>
                <step start='1687253737064' status='failed' stop='1687253738076'>
                    <name>I wait for element ".signupOverlay"</name>
                    <title>I wait for element ".signupOverlay"</title>
                    <attachments/>
                    <steps/>
                </step>
            </steps>
            <attachments>
                <attachment title='Last Seen Screenshot' source='7a8f8248-15ef-4f75-bacb-09c9f183dffe-attachment.png' type='image/png' size='122912'/>
            </attachments>
            <failure>
                <message>element (.signupOverlay) still not present on page after 1 sec
                page.waitForSelector: Timeout 1000ms exceeded.
                =========================== logs ===========================
                waiting for locator('.signupOverlay')
                ============================================================</message>
                <stack-trace>Error: element (.signupOverlay) still not present on page after 1 sec
                page.waitForSelector: Timeout 1000ms exceeded.
                =========================== logs ===========================
                waiting for locator('.signupOverlay')
                ============================================================
                    at C:\Users\mohamed.mustafa\IdeaProjects\Byborg\node_modules\codeceptjs\lib\helper\Playwright.js:2230:13
                    at runNextTicks (node:internal/process/task_queues:61:5)
                    at processImmediate (node:internal/timers:437:9)
                    at async Test.&lt;anonymous> (C:\Users\mohamed.mustafa\IdeaProjects\Byborg\oranumTest.js:64:33)</stack-trace>
            </failure>
        </test-case>
    </test-cases>
</ns2:test-suite>